<?xml version="1.0" encoding="UTF-8"?>
<!-- Generated by org.testng.reporters.JUnitReportReporter -->
<testsuite skipped="0" hostname="steveb" name="com.searchmodule.SearchTest" tests="4" failures="0" timestamp="13 Mar 2019 16:05:30 GMT" time="65.828" errors="0">
  <testcase name="search" time="12.959" classname="com.searchmodule.SearchTest"/>
  <testcase name="search" time="12.758" classname="com.searchmodule.SearchTest"/>
  <testcase name="search" time="20.320" classname="com.searchmodule.SearchTest"/>
  <testcase name="search" time="19.791" classname="com.searchmodule.SearchTest"/>
</testsuite> <!-- com.searchmodule.SearchTest -->
